#
# An unexpected error has been detected by Java Runtime Environment:
#
#  EXCEPTION_ACCESS_VIOLATION (0xc0000005) at pc=0x78ceace5, pid=4708, tid=2676
#
# Java VM: Java HotSpot(TM) Client VM (1.6.0-b105 mixed mode)
# Problematic frame:
# C  [awt.dll+0xeace5]
#
# If you would like to submit a bug report, please visit:
#   http://java.sun.com/webapps/bugreport/crash.jsp
#

---------------  T H R E A D  ---------------

Current thread (0x16ab5000):  JavaThread "AWT-EventQueue-0" [_thread_in_native, id=2676]

siginfo: ExceptionCode=0xc0000005, reading address 0x00000004

Registers:
EAX=0x00000000, EBX=0x00000000, ECX=0x00000a74, EDX=0x00000001
ESP=0x182af5fc, EBP=0x00000020, ESI=0x16a837b8, EDI=0x16ab50e8
EIP=0x78ceace5, EFLAGS=0x00010246

Top of Stack: (sp=0x182af5fc)
0x182af5fc:   16ab5000 11291cc8 182af658 11291cc8
0x182af60c:   065ea460 16ab50e8 182af684 182af680
0x182af61c:   00000020 00ff0000 0000ff00 000000ff
0x182af62c:   00000000 00000001 0a5efff8 182af638
0x182af63c:   00000000 182af684 11293058 00000000
0x182af64c:   11291cc8 00000000 182af668 182af6a8
0x182af65c:   065e2c71 00000000 065e8419 00000001
0x182af66c:   00000000 000000ff 0000ff00 00ff0000 

Instructions: (pc=0x78ceace5)
0x78ceacd5:   c4 6a d8 78 52 e8 a1 ad ff ff 89 86 c0 00 00 00
0x78ceace5:   8b 40 04 8b 40 04 50 55 e8 1e 29 00 00 83 c4 08 


Stack: [0x18230000,0x182b0000),  sp=0x182af5fc,  free space=509k
Native frames: (J=compiled Java code, j=interpreted, Vv=VM code, C=native code)
C  [awt.dll+0xeace5]

[error occurred during error reporting, step 120, id 0xc0000005]

Java frames: (J=compiled Java code, j=interpreted, Vv=VM code)
j  sun.java2d.windows.Win32SurfaceData.initOps(Lsun/awt/windows/WComponentPeer;IIIIII)V+0
j  sun.java2d.windows.Win32SurfaceData.<init>(Lsun/awt/windows/WComponentPeer;Lsun/java2d/loops/SurfaceType;I)V+191
j  sun.java2d.windows.Win32SurfaceData.createData(Lsun/awt/windows/WComponentPeer;I)Lsun/java2d/windows/Win32SurfaceData;+15
j  sun.awt.Win32GraphicsConfig.createSurfaceData(Lsun/awt/windows/WComponentPeer;I)Lsun/java2d/SurfaceData;+2
j  sun.awt.windows.WComponentPeer.replaceSurfaceData(I)V+59
j  sun.awt.windows.WComponentPeer.replaceSurfaceData()V+5
j  sun.awt.windows.WComponentPeer.setBounds(IIIII)V+74
J  java.awt.Component.reshapeNativePeer(IIIII)V
J  java.awt.Component.reshape(IIII)V
J  java.awt.Component.setBounds(IIII)V
J  java.awt.Component.resize(II)V
J  java.awt.Component.setSize(II)V
J  java.awt.BorderLayout.layoutContainer(Ljava/awt/Container;)V
J  java.awt.Container.doLayout()V
J  java.awt.Container.validateTree()V
J  java.awt.Container.validateTree()V
J  java.awt.Container.validateTree()V
J  java.awt.Container.validateTree()V
J  java.awt.Container.validateTree()V
J  java.awt.Container.validate()V
J  java.awt.Window.dispatchEventImpl(Ljava/awt/AWTEvent;)V
J  java.awt.EventQueue.dispatchEvent(Ljava/awt/AWTEvent;)V
J  java.awt.EventDispatchThread.pumpOneEventForFilters(I)Z
J  java.awt.EventDispatchThread.pumpEventsForFilter(ILjava/awt/Conditional;Ljava/awt/EventFilter;)V
j  java.awt.EventDispatchThread.pumpEventsForHierarchy(ILjava/awt/Conditional;Ljava/awt/Component;)V+11
j  java.awt.EventDispatchThread.pumpEvents(ILjava/awt/Conditional;)V+4
j  java.awt.EventDispatchThread.pumpEvents(Ljava/awt/Conditional;)V+3
j  java.awt.EventDispatchThread.run()V+9
v  ~StubRoutines::call_stub

---------------  P R O C E S S  ---------------

Java Threads: ( => current thread )
  0x16c82c00 JavaThread "Thread-693" [_thread_blocked, id=4720]
  0x16c82800 JavaThread "Thread-670" [_thread_blocked, id=6000]
  0x16c82000 JavaThread "Prefs Updater" [_thread_blocked, id=2672]
  0x16c81400 JavaThread "Thread-17" [_thread_blocked, id=6272]
  0x16c81000 JavaThread "Thread-6" [_thread_blocked, id=3048]
  0x16c80800 JavaThread "Active Reference Queue Daemon" daemon [_thread_blocked, id=4448]
  0x16c80400 JavaThread "Timer-2" daemon [_thread_blocked, id=3032]
  0x16c76000 JavaThread "Timer-1" daemon [_thread_blocked, id=6168]
  0x16c0dc00 JavaThread "TimerQueue" daemon [_thread_blocked, id=5956]
=>0x16ab5000 JavaThread "AWT-EventQueue-0" [_thread_in_native, id=2676]
  0x16a32800 JavaThread "AWT-Windows" daemon [_thread_in_native, id=188]
  0x16a32400 JavaThread "AWT-Shutdown" [_thread_blocked, id=6308]
  0x16a31c00 JavaThread "Java2D Disposer" daemon [_thread_blocked, id=6024]
  0x15a0f800 JavaThread "Timer-0" [_thread_blocked, id=3732]
  0x06366400 JavaThread "Low Memory Detector" daemon [_thread_blocked, id=5204]
  0x06362c00 JavaThread "CompilerThread0" daemon [_thread_blocked, id=5140]
  0x06362800 JavaThread "Attach Listener" daemon [_thread_blocked, id=4696]
  0x0634a400 JavaThread "Finalizer" daemon [_thread_blocked, id=6852]
  0x06341800 JavaThread "Reference Handler" daemon [_thread_blocked, id=1036]
  0x0646fc00 JavaThread "main" [_thread_in_native, id=5312]

Other Threads:
  0x0633e800 VMThread [id=2704]
  0x0636f000 WatcherThread [id=6580]

VM state:not at safepoint (normal execution)

VM Mutex/Monitor currently owned by a thread: None

Heap
 def new generation   total 20480K, used 5011K [0x085e0000, 0x09c10000, 0x0a5e0000)
  eden space 18240K,  26% used [0x085e0000, 0x08aa7200, 0x097b0000)
  from space 2240K,   5% used [0x099e0000, 0x099fdb80, 0x09c10000)
  to   space 2240K,   0% used [0x097b0000, 0x097b0000, 0x099e0000)
 tenured generation   total 68040K, used 40881K [0x0a5e0000, 0x0e852000, 0x105e0000)
   the space 68040K,  60% used [0x0a5e0000, 0x0cdcc438, 0x0cdcc600, 0x0e852000)
 compacting perm gen  total 32768K, used 27210K [0x105e0000, 0x125e0000, 0x145e0000)
   the space 32768K,  83% used [0x105e0000, 0x12072b30, 0x12072c00, 0x125e0000)
No shared spaces configured.

Dynamic libraries:
0x00400000 - 0x00536000 	C:\Program Files (x86)\MATLAB\R2008a\bin\win32\matlab.exe
0x773a0000 - 0x77520000 	C:\Windows\SysWOW64\ntdll.dll
0x75030000 - 0x75140000 	C:\Windows\syswow64\kernel32.dll
0x76c00000 - 0x76c47000 	C:\Windows\syswow64\KERNELBASE.dll
0x7ac90000 - 0x7ad5b000 	C:\Program Files (x86)\MATLAB\R2008a\bin\win32\libut.dll
0x751e0000 - 0x7520b000 	C:\Windows\syswow64\imagehlp.dll
0x76c50000 - 0x76cfc000 	C:\Windows\syswow64\msvcrt.dll
0x76e20000 - 0x76ec0000 	C:\Windows\syswow64\ADVAPI32.dll
0x76860000 - 0x76879000 	C:\Windows\SysWOW64\sechost.dll
0x76b00000 - 0x76bf0000 	C:\Windows\syswow64\RPCRT4.dll
0x74d40000 - 0x74da0000 	C:\Windows\syswow64\SspiCli.dll
0x74d30000 - 0x74d3c000 	C:\Windows\syswow64\CRYPTBASE.dll
0x757c0000 - 0x757c5000 	C:\Windows\syswow64\PSAPI.DLL
0x7b4d0000 - 0x7b4ef000 	C:\Program Files (x86)\MATLAB\R2008a\bin\win32\LIBEXPAT.dll
0x647f0000 - 0x6488b000 	C:\Windows\WinSxS\x86_microsoft.vc80.crt_1fc8b3b9a1e18e3b_8.0.50727.6229_none_d089f796442de10e\MSVCR80.dll
0x7b040000 - 0x7b117000 	C:\Program Files (x86)\MATLAB\R2008a\bin\win32\icuuc36.dll
0x7a820000 - 0x7a824000 	C:\Program Files (x86)\MATLAB\R2008a\bin\win32\icudt36.dll
0x7a830000 - 0x7a83c000 	C:\Program Files (x86)\MATLAB\R2008a\bin\win32\icuio36.dll
0x7aaf0000 - 0x7abb2000 	C:\Program Files (x86)\MATLAB\R2008a\bin\win32\icuin36.dll
0x65c90000 - 0x65d17000 	C:\Windows\WinSxS\x86_microsoft.vc80.crt_1fc8b3b9a1e18e3b_8.0.50727.6229_none_d089f796442de10e\MSVCP80.dll
0x76760000 - 0x76860000 	C:\Windows\syswow64\USER32.dll
0x75150000 - 0x751e0000 	C:\Windows\syswow64\GDI32.dll
0x764c0000 - 0x764ca000 	C:\Windows\syswow64\LPK.dll
0x74f00000 - 0x74f9d000 	C:\Windows\syswow64\USP10.dll
0x7adc0000 - 0x7af93000 	C:\Program Files (x86)\MATLAB\R2008a\bin\win32\libmwservices.dll
0x7ad60000 - 0x7adb2000 	C:\Program Files (x86)\MATLAB\R2008a\bin\win32\libmx.dll
0x78680000 - 0x78692000 	C:\Program Files (x86)\MATLAB\R2008a\bin\win32\zlib1.dll
0x7afa0000 - 0x7b036000 	C:\Program Files (x86)\MATLAB\R2008a\bin\win32\libmwmathutil.dll
0x791b0000 - 0x791e3000 	C:\Program Files (x86)\MATLAB\R2008a\bin\win32\mpath.dll
0x7b500000 - 0x7b515000 	C:\Program Files (x86)\MATLAB\R2008a\bin\win32\mlutil.dll
0x745c0000 - 0x74644000 	C:\Windows\WinSxS\x86_microsoft.windows.common-controls_6595b64144ccf1df_5.82.7601.18201_none_ec80f00e8593ece5\COMCTL32.dll
0x768d0000 - 0x7694b000 	C:\Windows\syswow64\comdlg32.dll
0x76f40000 - 0x76f97000 	C:\Windows\syswow64\SHLWAPI.dll
0x75800000 - 0x7644a000 	C:\Windows\syswow64\SHELL32.dll
0x72f50000 - 0x72f61000 	C:\Windows\system32\NETAPI32.dll
0x72f40000 - 0x72f49000 	C:\Windows\system32\netutils.dll
0x72f20000 - 0x72f39000 	C:\Windows\system32\srvcli.dll
0x72f10000 - 0x72f1f000 	C:\Windows\system32\wkscli.dll
0x76880000 - 0x768b5000 	C:\Windows\syswow64\WS2_32.dll
0x76950000 - 0x76956000 	C:\Windows\syswow64\NSI.dll
0x79710000 - 0x79746000 	C:\Program Files (x86)\MATLAB\R2008a\bin\win32\mcr.dll
0x7a840000 - 0x7a857000 	C:\Program Files (x86)\MATLAB\R2008a\bin\win32\iqm.dll
0x78550000 - 0x7856a000 	C:\Program Files (x86)\MATLAB\R2008a\bin\win32\bridge.dll
0x7a870000 - 0x7a87e000 	C:\Program Files (x86)\MATLAB\R2008a\bin\win32\libmex.dll
0x795e0000 - 0x79638000 	C:\Program Files (x86)\MATLAB\R2008a\bin\win32\m_dispatcher.dll
0x78570000 - 0x7858c000 	C:\Program Files (x86)\MATLAB\R2008a\bin\win32\datasvcs.dll
0x78a30000 - 0x78bf2000 	C:\Program Files (x86)\MATLAB\R2008a\bin\win32\xerces-c_2_7.dll
0x79c90000 - 0x7a1a0000 	C:\Program Files (x86)\MATLAB\R2008a\bin\win32\m_interpreter.dll
0x78590000 - 0x785b1000 	C:\Program Files (x86)\MATLAB\R2008a\bin\win32\libmat.dll
0x7abc0000 - 0x7ac85000 	C:\Program Files (x86)\MATLAB\R2008a\bin\win32\libhdf5.dll
0x794f0000 - 0x79539000 	C:\Program Files (x86)\MATLAB\R2008a\bin\win32\profiler.dll
0x7a8d0000 - 0x7a8d9000 	C:\Program Files (x86)\MATLAB\R2008a\bin\win32\libmwmathrng.dll
0x78600000 - 0x78612000 	C:\Program Files (x86)\MATLAB\R2008a\bin\win32\m_pcodeio.dll
0x79170000 - 0x791a4000 	C:\Program Files (x86)\MATLAB\R2008a\bin\win32\m_ir.dll
0x797c0000 - 0x79c8b000 	C:\Program Files (x86)\MATLAB\R2008a\bin\win32\m_parser.dll
0x7a860000 - 0x7a86d000 	C:\Program Files (x86)\MATLAB\R2008a\bin\win32\ir_xfmr.dll
0x782e0000 - 0x78411000 	C:\Program Files (x86)\MATLAB\R2008a\bin\win32\mcos.dll
0x7a900000 - 0x7a90a000 	C:\Program Files (x86)\MATLAB\R2008a\bin\win32\mtok.dll
0x785e0000 - 0x785f6000 	C:\Program Files (x86)\MATLAB\R2008a\bin\win32\m_pcodegen.dll
0x7a810000 - 0x7a81d000 	C:\Program Files (x86)\MATLAB\R2008a\bin\win32\boost_thread-vc80-mt-1_34_1.dll
0x7a6e0000 - 0x7a764000 	C:\Program Files (x86)\MATLAB\R2008a\bin\win32\udd.dll
0x7b120000 - 0x7b20d000 	C:\Program Files (x86)\MATLAB\R2008a\bin\win32\libmwgui.dll
0x786e0000 - 0x78860000 	C:\Program Files (x86)\MATLAB\R2008a\bin\win32\hg.dll
0x790b0000 - 0x790ea000 	C:\Program Files (x86)\MATLAB\R2008a\bin\win32\jmi.dll
0x78dd0000 - 0x78dfa000 	C:\Program Files (x86)\MATLAB\R2008a\bin\win32\libmwhardcopy.dll
0x79130000 - 0x79169000 	C:\Program Files (x86)\MATLAB\R2008a\bin\win32\libuij.dll
0x78860000 - 0x78a22000 	C:\Program Files (x86)\MATLAB\R2008a\bin\win32\numerics.dll
0x7a8a0000 - 0x7a8aa000 	C:\Program Files (x86)\MATLAB\R2008a\bin\win32\libmwblas.dll
0x7a890000 - 0x7a89c000 	C:\Program Files (x86)\MATLAB\R2008a\bin\win32\libmwbinder.dll
0x785c0000 - 0x785df000 	C:\Program Files (x86)\MATLAB\R2008a\bin\win32\libmwlapack.dll
0x7b4f0000 - 0x7b4f8000 	C:\Program Files (x86)\MATLAB\R2008a\bin\win32\libmwfftw.dll
0x7b520000 - 0x7b54a000 	C:\Program Files (x86)\MATLAB\R2008a\bin\win32\libmwrookfastbp.dll
0x78e00000 - 0x78e27000 	C:\Program Files (x86)\MATLAB\R2008a\bin\win32\libmwma57.dll
0x7aa40000 - 0x7aaeb000 	C:\Program Files (x86)\MATLAB\R2008a\bin\win32\libifcoremd.dll
0x791f0000 - 0x7949f000 	C:\Program Files (x86)\MATLAB\R2008a\bin\win32\libmmd.dll
0x7a8c0000 - 0x7a8c8000 	C:\Program Files (x86)\MATLAB\R2008a\bin\win32\libmwcsparse.dll
0x796a0000 - 0x79707000 	C:\Program Files (x86)\MATLAB\R2008a\bin\win32\libmwumfpack.dll
0x7a880000 - 0x7a888000 	C:\Program Files (x86)\MATLAB\R2008a\bin\win32\libmwamd.dll
0x79540000 - 0x79593000 	C:\Program Files (x86)\MATLAB\R2008a\bin\win32\libmwcholmod.dll
0x7a8b0000 - 0x7a8b8000 	C:\Program Files (x86)\MATLAB\R2008a\bin\win32\libmwcolamd.dll
0x7a770000 - 0x7a804000 	C:\Program Files (x86)\MATLAB\R2008a\bin\win32\uiw.dll
0x7a940000 - 0x7a949000 	C:\Program Files (x86)\MATLAB\R2008a\bin\win32\uinone.dll
0x63d40000 - 0x63e50000 	C:\Windows\WinSxS\x86_microsoft.vc80.mfc_1fc8b3b9a1e18e3b_8.0.50727.4053_none_cbf21254470d8752\MFC80.DLL
0x74c00000 - 0x74c51000 	C:\Windows\system32\WINSPOOL.DRV
0x74da0000 - 0x74efc000 	C:\Windows\syswow64\ole32.dll
0x76d60000 - 0x76def000 	C:\Windows\syswow64\OLEAUT32.dll
0x79750000 - 0x797b2000 	C:\Program Files (x86)\MATLAB\R2008a\bin\win32\udd_mi.dll
0x78620000 - 0x78632000 	C:\Program Files (x86)\MATLAB\R2008a\bin\win32\mwoles05.DLL
0x794a0000 - 0x794e3000 	C:\Program Files (x86)\MATLAB\R2008a\bin\win32\comcli.dll
0x720c0000 - 0x720db000 	C:\Windows\WinSxS\x86_microsoft.vc80.atl_1fc8b3b9a1e18e3b_8.0.50727.4053_none_d1c738ec43578ea1\ATL80.DLL
0x7a8f0000 - 0x7a8fb000 	C:\Program Files (x86)\MATLAB\R2008a\bin\win32\mlautoregister.dll
0x76ec0000 - 0x76f20000 	C:\Windows\system32\IMM32.DLL
0x764d0000 - 0x7659c000 	C:\Windows\syswow64\MSCTF.dll
0x7b7f0000 - 0x7c0b2000 	C:\Program Files (x86)\MATLAB\R2008a\bin\win32\mkl.dll
0x790f0000 - 0x7912e000 	C:\Program Files (x86)\MATLAB\R2008a\bin\win32\libguide40.dll
0x7b210000 - 0x7b216000 	C:\Program Files (x86)\MATLAB\R2008a\bin\win32\mklcompat.dll
0x7a1a0000 - 0x7a650000 	C:\Program Files (x86)\MATLAB\R2008a\bin\win32\mllapack.dll
0x7b700000 - 0x7b7e4000 	C:\Program Files (x86)\MATLAB\R2008a\bin\win32\libfftw3i.dll
0x7a950000 - 0x7aa3f000 	C:\Program Files (x86)\MATLAB\R2008a\bin\win32\libfftw3f.dll
0x71f00000 - 0x71f0e000 	C:\Windows\WinSxS\x86_microsoft.vc80.mfcloc_1fc8b3b9a1e18e3b_8.0.50727.4053_none_03ca5532205cb096\MFC80ENU.DLL
0x747e0000 - 0x74860000 	C:\Windows\system32\uxtheme.dll
0x75140000 - 0x7514b000 	C:\Windows\syswow64\profapi.dll
0x71ed0000 - 0x71eec000 	C:\Windows\system32\iphlpapi.dll
0x745a0000 - 0x745a7000 	C:\Windows\system32\WINNSI.DLL
0x738d0000 - 0x73914000 	C:\Windows\system32\DNSAPI.dll
0x73170000 - 0x7317d000 	C:\Windows\system32\dhcpcsvc6.DLL
0x73150000 - 0x73162000 	C:\Windows\system32\dhcpcsvc.DLL
0x67c60000 - 0x67c63000 	C:\Windows\system32\icmp.Dll
0x78e60000 - 0x790a7000 	C:\Program Files (x86)\MATLAB\R2008a\sys\java\jre\win32\jre1.6.0\bin\client\jvm.dll
0x748f0000 - 0x74922000 	C:\Windows\system32\WINMM.dll
0x7c340000 - 0x7c396000 	C:\Program Files (x86)\MATLAB\R2008a\bin\win32\MSVCR71.dll
0x73820000 - 0x7386c000 	C:\Windows\system32\apphelp.dll
0x795a0000 - 0x795a8000 	C:\Program Files (x86)\MATLAB\R2008a\sys\java\jre\win32\jre1.6.0\bin\hpi.dll
0x74fa0000 - 0x75023000 	C:\Windows\syswow64\CLBCatQ.DLL
0x795c0000 - 0x795cc000 	C:\Program Files (x86)\MATLAB\R2008a\sys\java\jre\win32\jre1.6.0\bin\verify.dll
0x786a0000 - 0x786bf000 	C:\Program Files (x86)\MATLAB\R2008a\sys\java\jre\win32\jre1.6.0\bin\java.dll
0x795d0000 - 0x795df000 	C:\Program Files (x86)\MATLAB\R2008a\sys\java\jre\win32\jre1.6.0\bin\zip.dll
0x145e0000 - 0x145f6000 	C:\Program Files (x86)\NCH Software\FastFox\ffhook.dll
0x78640000 - 0x78651000 	C:\Program Files (x86)\MATLAB\R2008a\bin\win32\nativejava.dll
0x78660000 - 0x78671000 	C:\Program Files (x86)\MATLAB\R2008a\bin\win32\nativejmi.dll
0x7a930000 - 0x7a936000 	C:\Program Files (x86)\MATLAB\R2008a\bin\win32\nativeservices.dll
0x78c00000 - 0x78dc3000 	C:\Program Files (x86)\MATLAB\R2008a\sys\java\jre\win32\jre1.6.0\bin\awt.dll
0x739b0000 - 0x739c3000 	C:\Windows\system32\dwmapi.dll
0x79640000 - 0x79693000 	C:\Program Files (x86)\MATLAB\R2008a\sys\java\jre\win32\jre1.6.0\bin\fontmanager.dll
0x786c0000 - 0x786d3000 	C:\Program Files (x86)\MATLAB\R2008a\sys\java\jre\win32\jre1.6.0\bin\net.dll
0x73970000 - 0x739ac000 	C:\Windows\system32\mswsock.dll
0x73180000 - 0x73186000 	C:\Windows\System32\wship6.dll
0x795b0000 - 0x795b9000 	C:\Program Files (x86)\MATLAB\R2008a\sys\java\jre\win32\jre1.6.0\bin\nio.dll

VM Arguments:
jvm_args: -Xss512k -XX:PermSize=32M -Xms64m -XX:NewRatio=3 -XX:MaxPermSize=64M -Xmx128m -XX:MaxDirectMemorySize=1200000000 -Dsun.java2d.noddraw=true -Dsun.awt.nopixfmt=true -Xshare:off -Xrs -Djava.library.path=C:\Program Files (x86)\MATLAB\R2008a\bin\win32 vfprintf abort
java_command: <unknown>
Launcher Type: generic

Environment Variables:
PATH=C:\Program Files (x86)\NVIDIA Corporation\PhysX\Common;C:\Program Files\NVIDIA GPU Computing Toolkit\CUDA\v6.5\bin;C:\Program Files\NVIDIA GPU Computing Toolkit\CUDA\v6.5\libnvvp;c:\users\charlie\gcc\bin;c:\users\charlie\gcc\libexec\gcc\x86_64-pc-mingw32\4.9.1;C:\Program Files (x86)\Tecplot\Tec360 2008\Bin;C:\Python25\;C:\Program Files\Microsoft Visual Studio\Common\Tools;C:\Program Files\Microsoft Visual Studio\Common\Msdev98\BIN;C:\Program Files\Microsoft Visual Studio\DF98\BIN;C:\Program Files\Microsoft Visual Studio\VC98\BIN;C:\Windows\system32;C:\Windows;C:\Windows\System32\Wbem;C:\Windows\System32\WindowsPowerShell\v1.0\;C:\Program Files (x86)\MiKTeX 2.9\miktex\bin\;C:\Program Files (x86)\Git\cmd;C:\Program Files\MiKTeX 2.9\miktex\bin\x64\;C:\Program Files (x86)\MATLAB\R2008a\bin;C:\Program Files (x86)\MATLAB\R2008a\bin\win32;C:\Program Files\Microsoft SQL Server\110\Tools\Binn\;C:\Program Files (x86)\Microsoft SDKs\TypeScript\1.0\;C:\Program Files\Microsoft SQL Server\120\Tools\Binn\;C:\Users\Charlie\AppData\Local\Pandoc\;C:\Users\Charlie\Anaconda\Lib\site-packages\IPython\nbconvert\utils\;C:\Program Files\mingw-w64\x86_64-4.9.2-posix-seh-rt_v3-rev0\mingw64\bin\;C:\Users\Charlie\Anaconda;C:\Users\Charlie\Anaconda\Scripts;C:\Users\Charlie\Anaconda\MinGW\bin;C:\gcc-4.9.2
USERNAME=Charlie
OS=Windows_NT
PROCESSOR_IDENTIFIER=Intel64 Family 6 Model 45 Stepping 7, GenuineIntel



---------------  S Y S T E M  ---------------

OS: Windows NT 6.1 Build 7601 Service Pack 1

CPU:total 12 family 6, cmov, cx8, fxsr, mmx, sse, sse2

Memory: 4k page, physical 4194303k(3113996k free), swap 4194303k(4194303k free)

vm_info: Java HotSpot(TM) Client VM (1.6.0-b105) for windows-x86, built on Nov 29 2006 00:48:48 by "java_re" with unknown MS VC++:1310

