#
# An unexpected error has been detected by Java Runtime Environment:
#
#  EXCEPTION_ACCESS_VIOLATION (0xc0000005) at pc=0x78ceace5, pid=26936, tid=30212
#
# Java VM: Java HotSpot(TM) Client VM (1.6.0-b105 mixed mode)
# Problematic frame:
# C  [awt.dll+0xeace5]
#
# If you would like to submit a bug report, please visit:
#   http://java.sun.com/webapps/bugreport/crash.jsp
#

---------------  T H R E A D  ---------------

Current thread (0x16662800):  JavaThread "AWT-EventQueue-0" [_thread_in_native, id=30212]

siginfo: ExceptionCode=0xc0000005, reading address 0x00000004

Registers:
EAX=0x00000000, EBX=0x00000000, ECX=0x00007604, EDX=0x00000001
ESP=0x1803f3dc, EBP=0x00000020, ESI=0x16b3baf0, EDI=0x166628e8
EIP=0x78ceace5, EFLAGS=0x00010246

Top of Stack: (sp=0x1803f3dc)
0x1803f3dc:   16662800 10e513a8 1803f43c 10e513a8
0x1803f3ec:   0619a460 166628e8 1803f468 1803f464
0x1803f3fc:   00000020 00ff0000 0000ff00 000000ff
0x1803f40c:   00000000 00000001 0a1fac60 00000000
0x1803f41c:   1803f41c 00000000 1803f468 10e52738
0x1803f42c:   00000000 10e513a8 00000000 1803f44c
0x1803f43c:   1803f48c 06192c71 00000000 06198419
0x1803f44c:   00000001 00000000 000000ff 0000ff00 

Instructions: (pc=0x78ceace5)
0x78ceacd5:   c4 6a d8 78 52 e8 a1 ad ff ff 89 86 c0 00 00 00
0x78ceace5:   8b 40 04 8b 40 04 50 55 e8 1e 29 00 00 83 c4 08 


Stack: [0x17fc0000,0x18040000),  sp=0x1803f3dc,  free space=508k
Native frames: (J=compiled Java code, j=interpreted, Vv=VM code, C=native code)
C  [awt.dll+0xeace5]

[error occurred during error reporting, step 120, id 0xc0000005]

Java frames: (J=compiled Java code, j=interpreted, Vv=VM code)
j  sun.java2d.windows.Win32SurfaceData.initOps(Lsun/awt/windows/WComponentPeer;IIIIII)V+0
j  sun.java2d.windows.Win32SurfaceData.<init>(Lsun/awt/windows/WComponentPeer;Lsun/java2d/loops/SurfaceType;I)V+191
j  sun.java2d.windows.Win32SurfaceData.createData(Lsun/awt/windows/WComponentPeer;I)Lsun/java2d/windows/Win32SurfaceData;+15
j  sun.awt.Win32GraphicsConfig.createSurfaceData(Lsun/awt/windows/WComponentPeer;I)Lsun/java2d/SurfaceData;+2
j  sun.awt.windows.WComponentPeer.replaceSurfaceData(I)V+59
j  sun.awt.windows.WComponentPeer.replaceSurfaceData()V+5
j  sun.awt.windows.WComponentPeer.setBounds(IIIII)V+74
j  java.awt.Component.reshapeNativePeer(IIIII)V+71
J  java.awt.Component.reshape(IIII)V
J  java.awt.Component.setBounds(IIII)V
J  java.awt.Component.resize(II)V
J  java.awt.Component.setSize(II)V
J  java.awt.BorderLayout.layoutContainer(Ljava/awt/Container;)V
J  java.awt.Container.doLayout()V
J  java.awt.Container.validateTree()V
J  java.awt.Container.validateTree()V
J  java.awt.Container.validateTree()V
J  java.awt.Container.validateTree()V
J  java.awt.Container.validateTree()V
J  java.awt.Container.validate()V
J  java.awt.Window.dispatchEventImpl(Ljava/awt/AWTEvent;)V
J  java.awt.EventQueue.dispatchEvent(Ljava/awt/AWTEvent;)V
J  java.awt.EventDispatchThread.pumpOneEventForFilters(I)Z
J  java.awt.EventDispatchThread.pumpEventsForFilter(ILjava/awt/Conditional;Ljava/awt/EventFilter;)V
j  java.awt.EventDispatchThread.pumpEventsForHierarchy(ILjava/awt/Conditional;Ljava/awt/Component;)V+11
j  java.awt.EventDispatchThread.pumpEvents(ILjava/awt/Conditional;)V+4
j  java.awt.EventDispatchThread.pumpEvents(Ljava/awt/Conditional;)V+3
j  java.awt.EventDispatchThread.run()V+9
v  ~StubRoutines::call_stub

---------------  P R O C E S S  ---------------

Java Threads: ( => current thread )
  0x16819800 JavaThread "Thread-6" [_thread_blocked, id=18152]
  0x16819000 JavaThread "Active Reference Queue Daemon" daemon [_thread_blocked, id=33784]
  0x16818c00 JavaThread "Timer-2" daemon [_thread_blocked, id=30120]
  0x16989800 JavaThread "Timer-1" daemon [_thread_blocked, id=32404]
  0x167dcc00 JavaThread "TimerQueue" daemon [_thread_blocked, id=33224]
=>0x16662800 JavaThread "AWT-EventQueue-0" [_thread_in_native, id=30212]
  0x16602000 JavaThread "AWT-Windows" daemon [_thread_in_native, id=11072]
  0x16601c00 JavaThread "AWT-Shutdown" [_thread_blocked, id=41736]
  0x16601400 JavaThread "Java2D Disposer" daemon [_thread_blocked, id=16076]
  0x1568b400 JavaThread "Timer-0" [_thread_blocked, id=25008]
  0x03fd6800 JavaThread "Low Memory Detector" daemon [_thread_blocked, id=41696]
  0x03fd2800 JavaThread "CompilerThread0" daemon [_thread_blocked, id=6104]
  0x03fd2000 JavaThread "Attach Listener" daemon [_thread_blocked, id=14496]
  0x03fba000 JavaThread "Finalizer" daemon [_thread_blocked, id=30564]
  0x03fb1000 JavaThread "Reference Handler" daemon [_thread_blocked, id=34128]
  0x0618fc00 JavaThread "main" [_thread_in_native, id=35236]

Other Threads:
  0x03fae400 VMThread [id=20496]
  0x15650800 WatcherThread [id=8648]

VM state:not at safepoint (normal execution)

VM Mutex/Monitor currently owned by a thread: None

Heap
 def new generation   total 17792K, used 12787K [0x08190000, 0x094d0000, 0x0a190000)
  eden space 15872K,  80% used [0x08190000, 0x08e0cc10, 0x09110000)
  from space 1920K,   0% used [0x09110000, 0x09110240, 0x092f0000)
  to   space 1920K,   0% used [0x092f0000, 0x092f0000, 0x094d0000)
 tenured generation   total 58984K, used 39017K [0x0a190000, 0x0db2a000, 0x10190000)
   the space 58984K,  66% used [0x0a190000, 0x0c7aa4f0, 0x0c7aa600, 0x0db2a000)
 compacting perm gen  total 32768K, used 26491K [0x10190000, 0x12190000, 0x14190000)
   the space 32768K,  80% used [0x10190000, 0x11b6ef60, 0x11b6f000, 0x12190000)
No shared spaces configured.

Dynamic libraries:
0x00400000 - 0x00536000 	C:\Program Files (x86)\MATLAB\R2008a\bin\win32\matlab.exe
0x77a10000 - 0x77b90000 	C:\Windows\SysWOW64\ntdll.dll
0x75ac0000 - 0x75bd0000 	C:\Windows\syswow64\kernel32.dll
0x75620000 - 0x75667000 	C:\Windows\syswow64\KERNELBASE.dll
0x7ac90000 - 0x7ad5b000 	C:\Program Files (x86)\MATLAB\R2008a\bin\win32\libut.dll
0x75e40000 - 0x75e6b000 	C:\Windows\syswow64\imagehlp.dll
0x75cc0000 - 0x75d6c000 	C:\Windows\syswow64\msvcrt.dll
0x76f50000 - 0x76ff0000 	C:\Windows\syswow64\ADVAPI32.dll
0x76f30000 - 0x76f49000 	C:\Windows\SysWOW64\sechost.dll
0x75670000 - 0x75760000 	C:\Windows\syswow64\RPCRT4.dll
0x753b0000 - 0x75410000 	C:\Windows\syswow64\SspiCli.dll
0x753a0000 - 0x753ac000 	C:\Windows\syswow64\CRYPTBASE.dll
0x75e90000 - 0x75e95000 	C:\Windows\syswow64\PSAPI.DLL
0x7b4d0000 - 0x7b4ef000 	C:\Program Files (x86)\MATLAB\R2008a\bin\win32\LIBEXPAT.dll
0x735b0000 - 0x7364b000 	C:\Windows\WinSxS\x86_microsoft.vc80.crt_1fc8b3b9a1e18e3b_8.0.50727.6229_none_d089f796442de10e\MSVCR80.dll
0x7b040000 - 0x7b117000 	C:\Program Files (x86)\MATLAB\R2008a\bin\win32\icuuc36.dll
0x7a820000 - 0x7a824000 	C:\Program Files (x86)\MATLAB\R2008a\bin\win32\icudt36.dll
0x7a830000 - 0x7a83c000 	C:\Program Files (x86)\MATLAB\R2008a\bin\win32\icuio36.dll
0x7aaf0000 - 0x7abb2000 	C:\Program Files (x86)\MATLAB\R2008a\bin\win32\icuin36.dll
0x693a0000 - 0x69427000 	C:\Windows\WinSxS\x86_microsoft.vc80.crt_1fc8b3b9a1e18e3b_8.0.50727.6229_none_d089f796442de10e\MSVCP80.dll
0x75480000 - 0x75580000 	C:\Windows\syswow64\USER32.dll
0x77140000 - 0x771d0000 	C:\Windows\syswow64\GDI32.dll
0x779e0000 - 0x779ea000 	C:\Windows\syswow64\LPK.dll
0x75580000 - 0x7561d000 	C:\Windows\syswow64\USP10.dll
0x7adc0000 - 0x7af93000 	C:\Program Files (x86)\MATLAB\R2008a\bin\win32\libmwservices.dll
0x7ad60000 - 0x7adb2000 	C:\Program Files (x86)\MATLAB\R2008a\bin\win32\libmx.dll
0x78680000 - 0x78692000 	C:\Program Files (x86)\MATLAB\R2008a\bin\win32\zlib1.dll
0x7afa0000 - 0x7b036000 	C:\Program Files (x86)\MATLAB\R2008a\bin\win32\libmwmathutil.dll
0x791b0000 - 0x791e3000 	C:\Program Files (x86)\MATLAB\R2008a\bin\win32\mpath.dll
0x7b500000 - 0x7b515000 	C:\Program Files (x86)\MATLAB\R2008a\bin\win32\mlutil.dll
0x74dd0000 - 0x74e54000 	C:\Windows\WinSxS\x86_microsoft.windows.common-controls_6595b64144ccf1df_5.82.7601.18201_none_ec80f00e8593ece5\COMCTL32.dll
0x771d0000 - 0x7724b000 	C:\Windows\syswow64\comdlg32.dll
0x75420000 - 0x75477000 	C:\Windows\syswow64\SHLWAPI.dll
0x760f0000 - 0x76d3a000 	C:\Windows\syswow64\SHELL32.dll
0x74950000 - 0x74961000 	C:\Windows\system32\NETAPI32.dll
0x74980000 - 0x74989000 	C:\Windows\system32\netutils.dll
0x748d0000 - 0x748e9000 	C:\Windows\system32\srvcli.dll
0x74990000 - 0x7499f000 	C:\Windows\system32\wkscli.dll
0x75bd0000 - 0x75c05000 	C:\Windows\syswow64\WS2_32.dll
0x76f20000 - 0x76f26000 	C:\Windows\syswow64\NSI.dll
0x79710000 - 0x79746000 	C:\Program Files (x86)\MATLAB\R2008a\bin\win32\mcr.dll
0x7a840000 - 0x7a857000 	C:\Program Files (x86)\MATLAB\R2008a\bin\win32\iqm.dll
0x78550000 - 0x7856a000 	C:\Program Files (x86)\MATLAB\R2008a\bin\win32\bridge.dll
0x7a870000 - 0x7a87e000 	C:\Program Files (x86)\MATLAB\R2008a\bin\win32\libmex.dll
0x795e0000 - 0x79638000 	C:\Program Files (x86)\MATLAB\R2008a\bin\win32\m_dispatcher.dll
0x78570000 - 0x7858c000 	C:\Program Files (x86)\MATLAB\R2008a\bin\win32\datasvcs.dll
0x78a30000 - 0x78bf2000 	C:\Program Files (x86)\MATLAB\R2008a\bin\win32\xerces-c_2_7.dll
0x79c90000 - 0x7a1a0000 	C:\Program Files (x86)\MATLAB\R2008a\bin\win32\m_interpreter.dll
0x78590000 - 0x785b1000 	C:\Program Files (x86)\MATLAB\R2008a\bin\win32\libmat.dll
0x7abc0000 - 0x7ac85000 	C:\Program Files (x86)\MATLAB\R2008a\bin\win32\libhdf5.dll
0x794f0000 - 0x79539000 	C:\Program Files (x86)\MATLAB\R2008a\bin\win32\profiler.dll
0x7a8d0000 - 0x7a8d9000 	C:\Program Files (x86)\MATLAB\R2008a\bin\win32\libmwmathrng.dll
0x78600000 - 0x78612000 	C:\Program Files (x86)\MATLAB\R2008a\bin\win32\m_pcodeio.dll
0x79170000 - 0x791a4000 	C:\Program Files (x86)\MATLAB\R2008a\bin\win32\m_ir.dll
0x797c0000 - 0x79c8b000 	C:\Program Files (x86)\MATLAB\R2008a\bin\win32\m_parser.dll
0x7a860000 - 0x7a86d000 	C:\Program Files (x86)\MATLAB\R2008a\bin\win32\ir_xfmr.dll
0x782e0000 - 0x78411000 	C:\Program Files (x86)\MATLAB\R2008a\bin\win32\mcos.dll
0x7a900000 - 0x7a90a000 	C:\Program Files (x86)\MATLAB\R2008a\bin\win32\mtok.dll
0x785e0000 - 0x785f6000 	C:\Program Files (x86)\MATLAB\R2008a\bin\win32\m_pcodegen.dll
0x7a810000 - 0x7a81d000 	C:\Program Files (x86)\MATLAB\R2008a\bin\win32\boost_thread-vc80-mt-1_34_1.dll
0x7a6e0000 - 0x7a764000 	C:\Program Files (x86)\MATLAB\R2008a\bin\win32\udd.dll
0x7b120000 - 0x7b20d000 	C:\Program Files (x86)\MATLAB\R2008a\bin\win32\libmwgui.dll
0x786e0000 - 0x78860000 	C:\Program Files (x86)\MATLAB\R2008a\bin\win32\hg.dll
0x790b0000 - 0x790ea000 	C:\Program Files (x86)\MATLAB\R2008a\bin\win32\jmi.dll
0x78dd0000 - 0x78dfa000 	C:\Program Files (x86)\MATLAB\R2008a\bin\win32\libmwhardcopy.dll
0x79130000 - 0x79169000 	C:\Program Files (x86)\MATLAB\R2008a\bin\win32\libuij.dll
0x78860000 - 0x78a22000 	C:\Program Files (x86)\MATLAB\R2008a\bin\win32\numerics.dll
0x7a8a0000 - 0x7a8aa000 	C:\Program Files (x86)\MATLAB\R2008a\bin\win32\libmwblas.dll
0x7a890000 - 0x7a89c000 	C:\Program Files (x86)\MATLAB\R2008a\bin\win32\libmwbinder.dll
0x785c0000 - 0x785df000 	C:\Program Files (x86)\MATLAB\R2008a\bin\win32\libmwlapack.dll
0x7b4f0000 - 0x7b4f8000 	C:\Program Files (x86)\MATLAB\R2008a\bin\win32\libmwfftw.dll
0x7b520000 - 0x7b54a000 	C:\Program Files (x86)\MATLAB\R2008a\bin\win32\libmwrookfastbp.dll
0x78e00000 - 0x78e27000 	C:\Program Files (x86)\MATLAB\R2008a\bin\win32\libmwma57.dll
0x7aa40000 - 0x7aaeb000 	C:\Program Files (x86)\MATLAB\R2008a\bin\win32\libifcoremd.dll
0x791f0000 - 0x7949f000 	C:\Program Files (x86)\MATLAB\R2008a\bin\win32\libmmd.dll
0x7a8c0000 - 0x7a8c8000 	C:\Program Files (x86)\MATLAB\R2008a\bin\win32\libmwcsparse.dll
0x796a0000 - 0x79707000 	C:\Program Files (x86)\MATLAB\R2008a\bin\win32\libmwumfpack.dll
0x7a880000 - 0x7a888000 	C:\Program Files (x86)\MATLAB\R2008a\bin\win32\libmwamd.dll
0x79540000 - 0x79593000 	C:\Program Files (x86)\MATLAB\R2008a\bin\win32\libmwcholmod.dll
0x7a8b0000 - 0x7a8b8000 	C:\Program Files (x86)\MATLAB\R2008a\bin\win32\libmwcolamd.dll
0x7a770000 - 0x7a804000 	C:\Program Files (x86)\MATLAB\R2008a\bin\win32\uiw.dll
0x7a940000 - 0x7a949000 	C:\Program Files (x86)\MATLAB\R2008a\bin\win32\uinone.dll
0x64160000 - 0x64270000 	C:\Windows\WinSxS\x86_microsoft.vc80.mfc_1fc8b3b9a1e18e3b_8.0.50727.4053_none_cbf21254470d8752\MFC80.DLL
0x74c80000 - 0x74cd1000 	C:\Windows\system32\WINSPOOL.DRV
0x75eb0000 - 0x7600c000 	C:\Windows\syswow64\ole32.dll
0x76060000 - 0x760ef000 	C:\Windows\syswow64\OLEAUT32.dll
0x79750000 - 0x797b2000 	C:\Program Files (x86)\MATLAB\R2008a\bin\win32\udd_mi.dll
0x78620000 - 0x78632000 	C:\Program Files (x86)\MATLAB\R2008a\bin\win32\mwoles05.DLL
0x794a0000 - 0x794e3000 	C:\Program Files (x86)\MATLAB\R2008a\bin\win32\comcli.dll
0x6a9b0000 - 0x6a9cb000 	C:\Windows\WinSxS\x86_microsoft.vc80.atl_1fc8b3b9a1e18e3b_8.0.50727.4053_none_d1c738ec43578ea1\ATL80.DLL
0x7a8f0000 - 0x7a8fb000 	C:\Program Files (x86)\MATLAB\R2008a\bin\win32\mlautoregister.dll
0x75c60000 - 0x75cc0000 	C:\Windows\system32\IMM32.DLL
0x75d70000 - 0x75e3c000 	C:\Windows\syswow64\MSCTF.dll
0x7b7f0000 - 0x7c0b2000 	C:\Program Files (x86)\MATLAB\R2008a\bin\win32\mkl.dll
0x790f0000 - 0x7912e000 	C:\Program Files (x86)\MATLAB\R2008a\bin\win32\libguide40.dll
0x7b210000 - 0x7b216000 	C:\Program Files (x86)\MATLAB\R2008a\bin\win32\mklcompat.dll
0x7a1a0000 - 0x7a650000 	C:\Program Files (x86)\MATLAB\R2008a\bin\win32\mllapack.dll
0x7b700000 - 0x7b7e4000 	C:\Program Files (x86)\MATLAB\R2008a\bin\win32\libfftw3i.dll
0x7a950000 - 0x7aa3f000 	C:\Program Files (x86)\MATLAB\R2008a\bin\win32\libfftw3f.dll
0x74630000 - 0x7463e000 	C:\Windows\WinSxS\x86_microsoft.vc80.mfcloc_1fc8b3b9a1e18e3b_8.0.50727.4053_none_03ca5532205cb096\MFC80ENU.DLL
0x74f10000 - 0x74f90000 	C:\Windows\system32\uxtheme.dll
0x75ea0000 - 0x75eab000 	C:\Windows\syswow64\profapi.dll
0x6bbb0000 - 0x6bbcc000 	C:\Windows\system32\iphlpapi.dll
0x6bba0000 - 0x6bba7000 	C:\Windows\system32\WINNSI.DLL
0x6bbd0000 - 0x6bc14000 	C:\Windows\system32\DNSAPI.dll
0x72fc0000 - 0x72fcd000 	C:\Windows\system32\dhcpcsvc6.DLL
0x6ab70000 - 0x6ab82000 	C:\Windows\system32\dhcpcsvc.DLL
0x746b0000 - 0x746b3000 	C:\Windows\system32\icmp.Dll
0x78e60000 - 0x790a7000 	C:\Program Files (x86)\MATLAB\R2008a\sys\java\jre\win32\jre1.6.0\bin\client\jvm.dll
0x75280000 - 0x752b2000 	C:\Windows\system32\WINMM.dll
0x7c340000 - 0x7c396000 	C:\Program Files (x86)\MATLAB\R2008a\bin\win32\MSVCR71.dll
0x6b9e0000 - 0x6ba2c000 	C:\Windows\system32\apphelp.dll
0x795a0000 - 0x795a8000 	C:\Program Files (x86)\MATLAB\R2008a\sys\java\jre\win32\jre1.6.0\bin\hpi.dll
0x795c0000 - 0x795cc000 	C:\Program Files (x86)\MATLAB\R2008a\sys\java\jre\win32\jre1.6.0\bin\verify.dll
0x786a0000 - 0x786bf000 	C:\Program Files (x86)\MATLAB\R2008a\sys\java\jre\win32\jre1.6.0\bin\java.dll
0x795d0000 - 0x795df000 	C:\Program Files (x86)\MATLAB\R2008a\sys\java\jre\win32\jre1.6.0\bin\zip.dll
0x75900000 - 0x75983000 	C:\Windows\syswow64\CLBCatQ.DLL
0x141c0000 - 0x141d6000 	C:\Program Files (x86)\NCH Software\FastFox\ffhook.dll
0x78640000 - 0x78651000 	C:\Program Files (x86)\MATLAB\R2008a\bin\win32\nativejava.dll
0x78660000 - 0x78671000 	C:\Program Files (x86)\MATLAB\R2008a\bin\win32\nativejmi.dll
0x7a930000 - 0x7a936000 	C:\Program Files (x86)\MATLAB\R2008a\bin\win32\nativeservices.dll
0x78c00000 - 0x78dc3000 	C:\Program Files (x86)\MATLAB\R2008a\sys\java\jre\win32\jre1.6.0\bin\awt.dll
0x6ba30000 - 0x6ba43000 	C:\Windows\system32\dwmapi.dll
0x79640000 - 0x79693000 	C:\Program Files (x86)\MATLAB\R2008a\sys\java\jre\win32\jre1.6.0\bin\fontmanager.dll
0x786c0000 - 0x786d3000 	C:\Program Files (x86)\MATLAB\R2008a\sys\java\jre\win32\jre1.6.0\bin\net.dll
0x6bc30000 - 0x6bc6c000 	C:\Windows\system32\mswsock.dll
0x6bc20000 - 0x6bc26000 	C:\Windows\System32\wship6.dll
0x795b0000 - 0x795b9000 	C:\Program Files (x86)\MATLAB\R2008a\sys\java\jre\win32\jre1.6.0\bin\nio.dll

VM Arguments:
jvm_args: -Xss512k -XX:PermSize=32M -Xms64m -XX:NewRatio=3 -XX:MaxPermSize=64M -Xmx128m -XX:MaxDirectMemorySize=1200000000 -Dsun.java2d.noddraw=true -Dsun.awt.nopixfmt=true -Xshare:off -Xrs -Djava.library.path=C:\Program Files (x86)\MATLAB\R2008a\bin\win32 vfprintf abort
java_command: <unknown>
Launcher Type: generic

Environment Variables:
PATH=C:\Program Files (x86)\NVIDIA Corporation\PhysX\Common;C:\Program Files\NVIDIA GPU Computing Toolkit\CUDA\v6.5\bin;C:\Program Files\NVIDIA GPU Computing Toolkit\CUDA\v6.5\libnvvp;c:\users\charlie\gcc\bin;c:\users\charlie\gcc\libexec\gcc\x86_64-pc-mingw32\4.9.1;C:\Program Files (x86)\Tecplot\Tec360 2008\Bin;C:\Python25\;C:\Program Files\Microsoft Visual Studio\Common\Tools;C:\Program Files\Microsoft Visual Studio\Common\Msdev98\BIN;C:\Program Files\Microsoft Visual Studio\DF98\BIN;C:\Program Files\Microsoft Visual Studio\VC98\BIN;C:\Windows\system32;C:\Windows;C:\Windows\System32\Wbem;C:\Windows\System32\WindowsPowerShell\v1.0\;C:\Program Files (x86)\MiKTeX 2.9\miktex\bin\;C:\Program Files (x86)\Git\cmd;C:\Program Files\MiKTeX 2.9\miktex\bin\x64\;C:\Program Files (x86)\MATLAB\R2008a\bin;C:\Program Files (x86)\MATLAB\R2008a\bin\win32;C:\Program Files\Microsoft SQL Server\110\Tools\Binn\;C:\Program Files (x86)\Microsoft SDKs\TypeScript\1.0\;C:\Program Files\Microsoft SQL Server\120\Tools\Binn\;C:\Users\Charlie\AppData\Local\Pandoc\;C:\Users\Charlie\Anaconda\Lib\site-packages\IPython\nbconvert\utils\;C:\Program Files\mingw-w64\x86_64-4.9.2-posix-seh-rt_v3-rev0\mingw64\bin\;C:\Users\Charlie\Anaconda;C:\Users\Charlie\Anaconda\Scripts
USERNAME=Charlie
OS=Windows_NT
PROCESSOR_IDENTIFIER=Intel64 Family 6 Model 45 Stepping 7, GenuineIntel



---------------  S Y S T E M  ---------------

OS: Windows NT 6.1 Build 7601 Service Pack 1

CPU:total 12 family 6, cmov, cx8, fxsr, mmx, sse, sse2

Memory: 4k page, physical 4194303k(3680756k free), swap 4194303k(4194303k free)

vm_info: Java HotSpot(TM) Client VM (1.6.0-b105) for windows-x86, built on Nov 29 2006 00:48:48 by "java_re" with unknown MS VC++:1310

