\BOOKMARK [1][-]{section.1}{Introduction}{}% 1
\BOOKMARK [1][-]{section.2}{Governing Equations}{}% 2
\BOOKMARK [2][-]{subsection.2.1}{Momentum}{section.2}% 3
\BOOKMARK [2][-]{subsection.2.2}{Full Induction}{section.2}% 4
\BOOKMARK [2][-]{subsection.2.3}{Low Magnetic Reynolds Number approximation}{section.2}% 5
\BOOKMARK [2][-]{subsection.2.4}{Divergence of the Magnetic Field}{section.2}% 6
\BOOKMARK [3][-]{subsubsection.2.4.1}{Constrained Transport \(CT\) method}{subsection.2.4}% 7
\BOOKMARK [3][-]{subsubsection.2.4.2}{Brackbill - Projection method}{subsection.2.4}% 8
\BOOKMARK [3][-]{subsubsection.2.4.3}{No treatment}{subsection.2.4}% 9
\BOOKMARK [2][-]{subsection.2.5}{Material properties}{section.2}% 10
\BOOKMARK [2][-]{subsection.2.6}{Boundary conditions}{section.2}% 11
\BOOKMARK [3][-]{subsubsection.2.6.1}{Velocity Field}{subsection.2.6}% 12
\BOOKMARK [3][-]{subsubsection.2.6.2}{Magnetic Field}{subsection.2.6}% 13
\BOOKMARK [3][-]{subsubsection.2.6.3}{applying BCs in MOONS}{subsection.2.6}% 14
\BOOKMARK [1][-]{section.3}{Solvers}{}% 15
\BOOKMARK [2][-]{subsection.3.1}{Momentum}{section.3}% 16
\BOOKMARK [2][-]{subsection.3.2}{Induction}{section.3}% 17
\BOOKMARK [2][-]{subsection.3.3}{Poisson}{section.3}% 18
\BOOKMARK [3][-]{subsubsection.3.3.1}{SOR / Gauss Seidel}{subsection.3.3}% 19
\BOOKMARK [3][-]{subsubsection.3.3.2}{Multigrid}{subsection.3.3}% 20
\BOOKMARK [2][-]{subsection.3.4}{Root Solver}{section.3}% 21
\BOOKMARK [1][-]{section.4}{Modules}{}% 22
\BOOKMARK [1][-]{section.5}{Mesh}{}% 23
\BOOKMARK [1][-]{section.6}{Errors}{}% 24
\BOOKMARK [2][-]{subsection.6.1}{Absolute}{section.6}% 25
\BOOKMARK [2][-]{subsection.6.2}{Relative}{section.6}% 26
\BOOKMARK [1][-]{section.7}{Parallelization}{}% 27
\BOOKMARK [1][-]{section.8}{Directionality}{}% 28
\BOOKMARK [1][-]{section.9}{Derivatives, Interpolations and BC formulas}{}% 29
\BOOKMARK [2][-]{subsection.9.1}{Derivatives}{section.9}% 30
\BOOKMARK [2][-]{subsection.9.2}{Interpolations}{section.9}% 31
\BOOKMARK [2][-]{subsection.9.3}{BC formulas}{section.9}% 32
\BOOKMARK [1][-]{section.10}{Indexing}{}% 33
\BOOKMARK [1][-]{section.11}{Running MOONS}{}% 34
\BOOKMARK [2][-]{subsection.11.1}{Post Processing}{section.11}% 35
\BOOKMARK [1][-]{section.12}{Running a simple simulation}{}% 36
\BOOKMARK [2][-]{subsection.12.1}{Setting parameters}{section.12}% 37
\BOOKMARK [2][-]{subsection.12.2}{Compile}{section.12}% 38
\BOOKMARK [2][-]{subsection.12.3}{Run}{section.12}% 39
\BOOKMARK [2][-]{subsection.12.4}{Post Processing}{section.12}% 40
\BOOKMARK [1][-]{section.13}{Benchmarks}{}% 41
\BOOKMARK [2][-]{subsection.13.1}{Lid Driven Cavity Flow}{section.13}% 42
\BOOKMARK [2][-]{subsection.13.2}{Square Duct Flow}{section.13}% 43
\BOOKMARK [1][-]{section.14}{Navigating MOONS}{}% 44
\BOOKMARK [2][-]{subsection.14.1}{Directory Tree}{section.14}% 45
